[debug] [2023-04-14T21:48:49.249Z] ----------------------------------------------------------------------
[debug] [2023-04-14T21:48:49.251Z] Command:       /home/jorge/.nvm/versions/node/v16.14.2/bin/node /home/jorge/.nvm/versions/node/v16.14.2/bin/firebase init
[debug] [2023-04-14T21:48:49.252Z] CLI Version:   11.27.0
[debug] [2023-04-14T21:48:49.252Z] Platform:      linux
[debug] [2023-04-14T21:48:49.253Z] Node Version:  v16.14.2
[debug] [2023-04-14T21:48:49.253Z] Time:          Fri Apr 14 2023 14:48:49 GMT-0700 (Pacific Daylight Time)
[debug] [2023-04-14T21:48:49.254Z] ----------------------------------------------------------------------
[debug] 
[debug] [2023-04-14T21:48:49.385Z] > command requires scopes: ["email","openid","https://www.googleapis.com/auth/cloudplatformprojects.readonly","https://www.googleapis.com/auth/firebase","https://www.googleapis.com/auth/cloud-platform"]
[debug] [2023-04-14T21:48:49.386Z] > authorizing via signed-in user (yoryo.a.s.v@gmail.com)
[info] 
     ######## #### ########  ######## ########     ###     ######  ########
     ##        ##  ##     ## ##       ##     ##  ##   ##  ##       ##
     ######    ##  ########  ######   ########  #########  ######  ######
     ##        ##  ##    ##  ##       ##     ## ##     ##       ## ##
     ##       #### ##     ## ######## ########  ##     ##  ######  ########

You're about to initialize a Firebase project in this directory:

  /home/jorge/Desktop/Cursos/ingreso-egreso-app-4.0.0

Before we get started, keep in mind:

  * You are initializing within an existing Firebase project directory

[info] 
=== Project Setup
[info] 
[info] First, let's associate this project directory with a Firebase project.
[info] You can create multiple project aliases by running firebase use --add, 
[info] but for now we'll just set up a default project.
[info] 
[debug] [2023-04-14T21:49:21.957Z] Using project from CLI flag: ingreso-egreso-app-ed52a
[debug] [2023-04-14T21:49:21.959Z] >>> [apiv2][query] GET https://firebase.googleapis.com/v1beta1/projects/ingreso-egreso-app-ed52a [none]
[debug] [2023-04-14T21:49:22.276Z] <<< [apiv2][status] GET https://firebase.googleapis.com/v1beta1/projects/ingreso-egreso-app-ed52a 200
[debug] [2023-04-14T21:49:22.276Z] <<< [apiv2][body] GET https://firebase.googleapis.com/v1beta1/projects/ingreso-egreso-app-ed52a {"projectId":"ingreso-egreso-app-ed52a","projectNumber":"39066383389","displayName":"ingreso-egreso-app","name":"projects/ingreso-egreso-app-ed52a","resources":{"hostingSite":"ingreso-egreso-app-ed52a","realtimeDatabaseInstance":"ingreso-egreso-app-ed52a-default-rtdb","storageBucket":"ingreso-egreso-app-ed52a.appspot.com","locationId":"us-central"},"state":"ACTIVE","etag":"1_5adfc17d-d62d-450d-a054-d3c128102e79"}
[info] i  Using project ingreso-egreso-app-ed52a (ingreso-egreso-app) 
[info] 
=== Hosting:github Setup
[info] 
[info] i  Didn't detect a .git folder. Assuming /home/jorge/Desktop/Cursos/ingreso-egreso-app-4.0.0 is the project root. 
[info] i  Authorizing with GitHub to upload your service account to a GitHub repository's secrets store. 
[info] 
[info] Visit this URL on this device to log in:
[info] https://github.com/login/oauth/authorize?client_id=89cf50f02ac6aaed3484&state=646468560&redirect_uri=http%3A%2F%2Flocalhost%3A9005&scope=read%3Auser%20repo%20public_repo
[info] 
[info] Waiting for authentication...
[debug] [2023-04-14T21:58:14.807Z] ----------------------------------------------------------------------
[debug] [2023-04-14T21:58:14.809Z] Command:       /home/jorge/.nvm/versions/node/v16.14.2/bin/node /home/jorge/.nvm/versions/node/v16.14.2/bin/firebase init
[debug] [2023-04-14T21:58:14.809Z] CLI Version:   11.27.0
[debug] [2023-04-14T21:58:14.809Z] Platform:      linux
[debug] [2023-04-14T21:58:14.810Z] Node Version:  v16.14.2
[debug] [2023-04-14T21:58:14.810Z] Time:          Fri Apr 14 2023 14:58:14 GMT-0700 (Pacific Daylight Time)
[debug] [2023-04-14T21:58:14.810Z] ----------------------------------------------------------------------
[debug] 
[debug] [2023-04-14T21:58:14.879Z] > command requires scopes: ["email","openid","https://www.googleapis.com/auth/cloudplatformprojects.readonly","https://www.googleapis.com/auth/firebase","https://www.googleapis.com/auth/cloud-platform"]
[debug] [2023-04-14T21:58:14.880Z] > authorizing via signed-in user (yoryo.a.s.v@gmail.com)
[info] 
     ######## #### ########  ######## ########     ###     ######  ########
     ##        ##  ##     ## ##       ##     ##  ##   ##  ##       ##
     ######    ##  ########  ######   ########  #########  ######  ######
     ##        ##  ##    ##  ##       ##     ## ##     ##       ## ##
     ##       #### ##     ## ######## ########  ##     ##  ######  ########

You're about to initialize a Firebase project in this directory:

  /home/jorge/Desktop/Cursos/ingreso-egreso-app-4.0.0

Before we get started, keep in mind:

  * You are initializing within an existing Firebase project directory

[info] 
=== Project Setup
[info] 
[info] First, let's associate this project directory with a Firebase project.
[info] You can create multiple project aliases by running firebase use --add, 
[info] but for now we'll just set up a default project.
[info] 
[debug] [2023-04-14T21:58:20.245Z] Using project from CLI flag: ingreso-egreso-app-ed52a
[debug] [2023-04-14T21:58:20.247Z] >>> [apiv2][query] GET https://firebase.googleapis.com/v1beta1/projects/ingreso-egreso-app-ed52a [none]
[debug] [2023-04-14T21:58:20.577Z] <<< [apiv2][status] GET https://firebase.googleapis.com/v1beta1/projects/ingreso-egreso-app-ed52a 200
[debug] [2023-04-14T21:58:20.578Z] <<< [apiv2][body] GET https://firebase.googleapis.com/v1beta1/projects/ingreso-egreso-app-ed52a {"projectId":"ingreso-egreso-app-ed52a","projectNumber":"39066383389","displayName":"ingreso-egreso-app","name":"projects/ingreso-egreso-app-ed52a","resources":{"hostingSite":"ingreso-egreso-app-ed52a","realtimeDatabaseInstance":"ingreso-egreso-app-ed52a-default-rtdb","storageBucket":"ingreso-egreso-app-ed52a.appspot.com","locationId":"us-central"},"state":"ACTIVE","etag":"1_5adfc17d-d62d-450d-a054-d3c128102e79"}
[info] i  Using project ingreso-egreso-app-ed52a (ingreso-egreso-app) 
[info] 
=== Hosting:github Setup
[info] 
[info] i  Didn't detect a .git folder. Assuming /home/jorge/Desktop/Cursos/ingreso-egreso-app-4.0.0 is the project root. 
[info] i  Authorizing with GitHub to upload your service account to a GitHub repository's secrets store. 
[info] 
[info] Visit this URL on this device to log in:
[info] https://github.com/login/oauth/authorize?client_id=89cf50f02ac6aaed3484&state=418410991&redirect_uri=http%3A%2F%2Flocalhost%3A9005&scope=read%3Auser%20repo%20public_repo
[info] 
[info] Waiting for authentication...
[debug] [2023-04-14T21:58:35.957Z] >>> [apiv2][query] POST https://github.com/login/oauth/access_token [none]
[debug] [2023-04-14T21:58:35.957Z] >>> [apiv2][body] POST https://github.com/login/oauth/access_token [stream]
[debug] [2023-04-14T21:58:36.382Z] <<< [apiv2][status] POST https://github.com/login/oauth/access_token 200
[debug] [2023-04-14T21:58:36.382Z] <<< [apiv2][body] POST https://github.com/login/oauth/access_token {"access_token":"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","token_type":"bearer","scope":"read:user,repo"}
[debug] [2023-04-14T21:58:36.390Z] >>> [apiv2][query] GET https://api.github.com/user [none]
[debug] [2023-04-14T21:58:36.840Z] <<< [apiv2][status] GET https://api.github.com/user 200
[debug] [2023-04-14T21:58:36.841Z] <<< [apiv2][body] GET https://api.github.com/user {"login":"yoryopkrk","id":72814989,"node_id":"MDQ6VXNlcjcyODE0OTg5","avatar_url":"https://avatars.githubusercontent.com/u/72814989?v=4","gravatar_id":"","url":"https://api.github.com/users/yoryopkrk","html_url":"https://github.com/yoryopkrk","followers_url":"https://api.github.com/users/yoryopkrk/followers","following_url":"https://api.github.com/users/yoryopkrk/following{/other_user}","gists_url":"https://api.github.com/users/yoryopkrk/gists{/gist_id}","starred_url":"https://api.github.com/users/yoryopkrk/starred{/owner}{/repo}","subscriptions_url":"https://api.github.com/users/yoryopkrk/subscriptions","organizations_url":"https://api.github.com/users/yoryopkrk/orgs","repos_url":"https://api.github.com/users/yoryopkrk/repos","events_url":"https://api.github.com/users/yoryopkrk/events{/privacy}","received_events_url":"https://api.github.com/users/yoryopkrk/received_events","type":"User","site_admin":false,"name":null,"company":null,"blog":"","location":null,"email":null,"hireable":null,"bio":null,"twitter_username":null,"public_repos":0,"public_gists":0,"followers":0,"following":0,"created_at":"2020-10-13T16:16:16Z","updated_at":"2023-04-14T21:55:37Z","private_gists":0,"total_private_repos":0,"owned_private_repos":0,"disk_usage":0,"collaborators":0,"two_factor_authentication":false,"plan":{"name":"free","space":976562499,"collaborators":0,"private_repos":10000}}
[info] 
[info] ✔  Success! Logged into GitHub as yoryopkrk 
[info] 
[debug] [2023-04-14T21:58:51.426Z] >>> [apiv2][query] GET https://api.github.com/repos//actions/secrets/public-key type=owner
[debug] [2023-04-14T21:58:51.787Z] <<< [apiv2][status] GET https://api.github.com/repos//actions/secrets/public-key 404
[debug] [2023-04-14T21:58:51.787Z] <<< [apiv2][body] GET https://api.github.com/repos//actions/secrets/public-key {"message":"Not Found","documentation_url":"https://docs.github.com/rest"}
[info] 
[info] 
[error] ⚠  The provided authorization cannot be used with this repository. If this repository is in an organization, did you remember to grant access? 
[info] 
[info] i  Action required: Visit this URL to ensure access has been granted to the appropriate organization(s) for the Firebase CLI GitHub OAuth App: 
[info] https://github.com/settings/connections/applications/89cf50f02ac6aaed3484
[info] 
[debug] [2023-04-14T21:59:30.284Z] >>> [apiv2][query] GET https://api.github.com/repos/yoryopkrk/actions/secrets/public-key type=owner
[debug] [2023-04-14T21:59:30.641Z] <<< [apiv2][status] GET https://api.github.com/repos/yoryopkrk/actions/secrets/public-key 404
[debug] [2023-04-14T21:59:30.642Z] <<< [apiv2][body] GET https://api.github.com/repos/yoryopkrk/actions/secrets/public-key {"message":"Not Found","documentation_url":"https://docs.github.com/rest"}
[info] 
[info] 
[error] ⚠  The provided authorization cannot be used with this repository. If this repository is in an organization, did you remember to grant access? 
[info] 
[info] i  Action required: Visit this URL to ensure access has been granted to the appropriate organization(s) for the Firebase CLI GitHub OAuth App: 
[info] https://github.com/settings/connections/applications/89cf50f02ac6aaed3484
[info] 
